1615734712104	geckodriver	INFO	Listening on 127.0.0.1:51839
1615734715146	mozrunner::runner	INFO	Running command: "C:\\Program Files\\Mozilla Firefox\\firefox.exe" "--marionette" "-foreground" "-no-remote" "-profile" "C:\\Users\\Pelick\\AppData\\Local\\Temp\\rust_mozprofilecbf7v6"
console.warn: SearchSettings: "get: No settings file exists, new profile?" (new Error("", "(unknown module)"))
1615734718458	Marionette	INFO	Listening on port 51851
1615734718840	Marionette	WARN	TLS certificate errors will be ignored for this session
[Parent 12504, IPC I/O Parent] WARNING: file /builds/worker/checkouts/gecko/ipc/chromium/src/base/process_util_win.cc:167
1615734728372	Marionette	INFO	Stopped listening on port 51851

###!!! [Child][RunMessage] Error: Channel closing: too late to send/recv, messages will be lost

1615734917311	geckodriver	INFO	Listening on 127.0.0.1:52041
1615734920359	mozrunner::runner	INFO	Running command: "C:\\Program Files\\Mozilla Firefox\\firefox.exe" "--marionette" "-foreground" "-no-remote" "-profile" "C:\\Users\\Pelick\\AppData\\Local\\Temp\\rust_mozprofileVmk3lr"
console.warn: SearchSettings: "get: No settings file exists, new profile?" (new Error("", "(unknown module)"))
1615734923706	Marionette	INFO	Listening on port 52050
1615734924046	Marionette	WARN	TLS certificate errors will be ignored for this session
JavaScript error: resource:///actors/ContextMenuParent.jsm, line 20: TypeError: topBrowser is null
[Parent 10288, IPC I/O Parent] WARNING: file /builds/worker/checkouts/gecko/ipc/chromium/src/base/process_util_win.cc:167
1615735362698	Marionette	INFO	Stopped listening on port 52050

###!!! [Child][RunMessage] Error: Channel closing: too late to send/recv, messages will be lost

1615737244770	geckodriver	INFO	Listening on 127.0.0.1:54312
1615737247851	mozrunner::runner	INFO	Running command: "C:\\Program Files\\Mozilla Firefox\\firefox.exe" "--marionette" "-foreground" "-no-remote" "-profile" "C:\\Users\\Pelick\\AppData\\Local\\Temp\\rust_mozprofileXjcUgx"
console.warn: SearchSettings: "get: No settings file exists, new profile?" (new Error("", "(unknown module)"))
1615737251629	Marionette	INFO	Listening on port 54322
1615737252039	Marionette	WARN	TLS certificate errors will be ignored for this session
1615741440376	Marionette	INFO	Stopped listening on port 54322

###!!! [Child][RunMessage] Error: Channel closing: too late to send/recv, messages will be lost

"--marionette" "-foreground" "-no-remote" "-profile" "C:\\Users\\Pelick\\AppData\\Local\\Temp\\rust_mozprofilev5Snim"
console.warn: SearchSettings: "get: No settings file exists, new profile?" (new Error("", "(unknown module)"))
1615737574644	Marionette	INFO	Listening on port 54715
1615737574705	Marionette	WARN	TLS certificate errors will be ignored for this session
1615737582661	Marionette	INFO	Stopped listening on port 54715

###!!! [Child][RunMessage] Error: Channel closing: too late to send/recv, messages will be lost

1615738075627	geckodriver	INFO	Listening on 127.0.0.1:55302
1615738078689	mozrunner::runner	INFO	Running command: "C:\\Program Files\\Mozilla Firefox\\firefox.exe" "--marionette" "-foreground" "-no-remote" "-profile" "C:\\Users\\Pelick\\AppData\\Local\\Temp\\rust_mozprofile7MOh3Q"
console.warn: SearchSettings: "get: No settings file exists, new profile?" (new Error("", "(unknown module)"))
JavaScript error: resource://activity-stream/lib/ASRouterNewTabHook.jsm, line 61: TypeError: this._router is null
console.error: Region.jsm: "Error fetching region" (new TypeError("NetworkError when attempting to fetch resource.", ""))
console.error: Region.jsm: "Failed to fetch region" (new Error("NO_RESULT", "resource://gre/modules/Region.jsm", 422))

###!!! [Child][RunMessage] Error: Channel closing: too late to send/recv, messages will be lost

1615738109534	geckodriver	INFO	Listening on 127.0.0.1:55363
1615738112613	mozrunner::runner	INFO	Running command: "C:\\Program Files\\Mozilla Firefox\\firefox.exe" "--marionette" "-foreground" "-no-remote" "-profile" "C:\\Users\\Pelick\\AppData\\Local\\Temp\\rust_mozprofileytLjb2"
console.warn: SearchSettings: "get: No settings file exists, new profile?" (new Error("", "(unknown module)"))
1615738116012	Marionette	INFO	Listening on port 55373
1615738116292	Marionette	WARN	TLS certificate errors will be ignored for this session
1615738173527	Marionette	INFO	Stopped listening on port 55373

###!!! [Child][RunMessage] Error: Channel closing: too late to send/recv, messages will be lost

1615738179275	geckodriver	INFO	Listening on 127.0.0.1:55507
1615738182322	mozrunner::runner	INFO	Running command: "C:\\Program Files\\Mozilla Firefox\\firefox.exe" "--marionette" "-foreground" "-no-remote" "-profile" "C:\\Users\\Pelick\\AppData\\Local\\Temp\\rust_mozprofileywoekd"
console.warn: SearchSettings: "get: No settings file exists, new profile?" (new Error("", "(unknown module)"))
1615738185658	Marionette	INFO	Listening on port 55517
1615738186003	Marionette	WARN	TLS certificate errors will be ignored for this session
[Parent 16772, IPC I/O Parent] WARNING: file /builds/worker/checkouts/gecko/ipc/chromium/src/base/process_util_win.cc:167
1615738193029	Marionette	INFO	Stopped listening on port 55517

###!!! [Child][RunMessage] Error: Channel closing: too late to send/recv, messages will be lost

1615739014443	geckodriver	INFO	Listening on 127.0.0.1:56500
1615739017444	mozrunner::runner	INFO	Running command: "C:\\Program Files\\Mozilla Firefox\\firefox.exe" "--marionette" "-foreground" "-no-remote" "-profile" "C:\\Users\\Pelick\\AppData\\Local\\Temp\\rust_mozprofileSWCMzI"
console.warn: SearchSettings: "get: No settings file exists, new profile?" (new Error("", "(unknown module)"))
1615739020458	Marionette	INFO	Listening on port 56512
1615739020627	Marionette	WARN	TLS certificate errors will be ignored for this session
1615739025261	Marionette	INFO	Stopped listening on port 56512

###!!! [Child][RunMessage] Error: Channel closing: too late to send/recv, messages will be lost

1615739711811	geckodriver	INFO	Listening on 127.0.0.1:57298
1615739714843	mozrunner::runner	INFO	Running command: "C:\\Program Files\\Mozilla Firefox\\firefox.exe" "--marionette" "-foreground" "-no-remote" "-profile" "C:\\Users\\Pelick\\AppData\\Local\\Temp\\rust_mozprofileP6VLdy"
console.warn: SearchSettings: "get: No settings file exists, new profile?" (new Error("", "(unknown module)"))
1615739717858	Marionette	INFO	Listening on port 57310
1615739718009	Marionette	WARN	TLS certificate errors will be ignored for this session
1615739724886	Marionette	INFO	Stopped listening on port 57310

###!!! [Child][RunMessage] Error: Channel closing: too late to send/recv, messages will be lost

1615741354528	geckodriver	INFO	Listening on 127.0.0.1:58852
1615741357563	mozrunner::runner	INFO	Running command: "C:\\Program Files\\Mozilla Firefox\\firefox.exe" "--marionette" "-foreground" "-no-remote" "-profile" "C:\\Users\\Pelick\\AppData\\Local\\Temp\\rust_mozprofile9k83MZ"
console.warn: SearchSettings: "get: No settings file exists, new profile?" (new Error("", "(unknown module)"))
1615741360162	Marionette	INFO	Listening on port 58864
1615741360224	Marionette	WARN	TLS certificate errors will be ignored for this session
1615741365511	Marionette	INFO	Stopped listening on port 58864

###!!! [Child][RunMessage] Error: Channel closing: too late to send/recv, messages will be lost

1615741446610	geckodriver	INFO	Listening on 127.0.0.1:59027
1615741449608	mozrunner::runner	INFO	Running command: "C:\\Program Files\\Mozilla Firefox\\firefox.exe" "--marionette" "-foreground" "-no-remote" "-profile" "C:\\Users\\Pelick\\AppData\\Local\\Temp\\rust_mozprofileFKIulz"
console.warn: SearchSettings: "get: No settings file exists, new profile?" (new Error("", "(unknown module)"))
1615741452246	Marionette	INFO	Listening on port 59037
1615741452278	Marionette	WARN	TLS certificate errors will be ignored for this session
1615741458320	Marionette	INFO	Stopped listening on port 59037

###!!! [Child][RunMessage] Error: Channel closing: too late to send/recv, messages will be lost

1615741477050	geckodriver	INFO	Listening on 127.0.0.1:59128
1615741480079	mozrunner::runner	INFO	Running command: "C:\\Program Files\\Mozilla Firefox\\firefox.exe" "--marionette" "-foreground" "-no-remote" "-profile" "C:\\Users\\Pelick\\AppData\\Local\\Temp\\rust_mozprofileaD8aIH"
console.warn: SearchSettings: "get: No settings file exists, new profile?" (new Error("", "(unknown module)"))
1615741482787	Marionette	INFO	Listening on port 59139
1615741483260	Marionette	WARN	TLS certificate errors will be ignored for this session
JavaScript error: resource://gre/actors/PictureInPictureChild.jsm, line 569: TypeError: this.contentWindow is null
JavaScript error: resource://gre/actors/PictureInPictureChild.jsm, line 225: InvalidStateError: JSWindowActorChild.document getter: Cannot access property 'document' after actor 'PictureInPictureToggle' has been destroyed
[Parent 6004, IPC I/O Parent] WARNING: file /builds/worker/checkouts/gecko/ipc/chromium/src/base/process_util_win.cc:167
1615741599584	Marionette	INFO	Stopped listening on port 59139

###!!! [Child][RunMessage] Error: Channel closing: too late to send/recv, messages will be lost

1615742206334	geckodriver	INFO	Listening on 127.0.0.1:59987
1615742209351	mozrunner::runner	INFO	Running command: "C:\\Program Files\\Mozilla Firefox\\firefox.exe" "--marionette" "-foreground" "-no-remote" "-profile" "C:\\Users\\Pelick\\AppData\\Local\\Temp\\rust_mozprofile6Q3bwV"
console.warn: SearchSettings: "get: No settings file exists, new profile?" (new Error("", "(unknown module)"))
1615742212091	Marionette	INFO	Listening on port 59998
1615742212520	Marionette	WARN	TLS certificate errors will be ignored for this session
1615742218562	Marionette	INFO	Stopped listening on port 59998

###!!! [Child][RunMessage] Error: Channel closing: too late to send/recv, messages will be lost

1615742250587	geckodriver	INFO	Listening on 127.0.0.1:60105
1615742253593	mozrunner::runner	INFO	Running command: "C:\\Program Files\\Mozilla Firefox\\firefox.exe" "--marionette" "-foreground" "-no-remote" "-profile" "C:\\Users\\Pelick\\AppData\\Local\\Temp\\rust_mozprofileMxw9N2"
console.warn: SearchSettings: "get: No settings file exists, new profile?" (new Error("", "(unknown module)"))
1615742256419	Marionette	INFO	Listening on port 60116
1615742256784	Marionette	WARN	TLS certificate errors will be ignored for this session
JavaScript error: resource://gre/actors/PictureInPictureChild.jsm, line 453: TypeError: this.contentWindow is null
JavaScript error: resource://gre/actors/PictureInPictureChild.jsm, line 569: TypeError: this.contentWindow is null
1615742266062	Marionette	INFO	Stopped listening on port 60116
JavaScript error: resource://gre/actors/PictureInPictureChild.jsm, line 299: InvalidStateError: JSWindowActorChild.contentWindow getter: Cannot access property 'contentWindow' after actor 'PictureInPictureToggle' has been destroyed
JavaScript error: resource://gre/actors/PictureInPictureChild.jsm, line 299: InvalidStateError: JSWindowActorChild.contentWindow getter: Cannot access property 'contentWindow' after actor 'PictureInPictureToggle' has been destroyed
JavaScript error: resource://gre/actors/PictureInPictureChild.jsm, line 299: InvalidStateError: JSWindowActorChild.contentWindow getter: Cannot access property 'contentWindow' after actor 'PictureInPictureToggle' has been destroyed

###!!! [Child][RunMessage] Error: Channel closing: too late to send/recv, messages will be lost

1615742299808	geckodriver	INFO	Listening on 127.0.0.1:60240
1615742302785	mozrunner::runner	INFO	Running command: "C:\\Program Files\\Mozilla Firefox\\firefox.exe" "--marionette" "-foreground" "-no-remote" "-profile" "C:\\Users\\Pelick\\AppData\\Local\\Temp\\rust_mozprofile3qZHy8"
console.warn: SearchSettings: "get: No settings file exists, new profile?" (new Error("", "(unknown module)"))
1615742305446	Marionette	INFO	Listening on port 60250
1615742305969	Marionette	WARN	TLS certificate errors will be ignored for this session
JavaScript error: resource://gre/actors/PictureInPictureChild.jsm, line 453: TypeError: this.contentWindow is null
JavaScript error: resource://gre/actors/PictureInPictureChild.jsm, line 569: TypeError: this.contentWindow is null
1615742317300	Marionette	INFO	Stopped listening on port 60250
JavaScript error: resource://gre/actors/PictureInPictureChild.jsm, line 299: InvalidStateError: JSWindowActorChild.contentWindow getter: Cannot access property 'contentWindow' after actor 'PictureInPictureToggle' has been destroyed
JavaScript error: resource://gre/actors/PictureInPictureChild.jsm, line 299: InvalidStateError: JSWindowActorChild.contentWindow getter: Cannot access property 'contentWindow' after actor 'PictureInPictureToggle' has been destroyed
JavaScript error: resource://gre/actors/PictureInPictureChild.jsm, line 299: InvalidStateError: JSWindowActorChild.contentWindow getter: Cannot access property 'contentWindow' after actor 'PictureInPictureToggle' has been destroyed

###!!! [Child][RunMessage] Error: Channel closing: too late to send/recv, messages will be lost

1615742375103	geckodriver	INFO	Listening on 127.0.0.1:60401
1615742378110	mozrunner::runner	INFO	Running command: "C:\\Program Files\\Mozilla Firefox\\firefox.exe" "--marionette" "-foreground" "-no-remote" "-profile" "C:\\Users\\Pelick\\AppData\\Local\\Temp\\rust_mozprofilewf7TEb"
console.warn: SearchSettings: "get: No settings file exists, new profile?" (new Error("", "(unknown module)"))
1615742380810	Marionette	INFO	Listening on port 60411
1615742381285	Marionette	WARN	TLS certificate errors will be ignored for this session
JavaScript error: resource://gre/actors/PictureInPictureChild.jsm, line 569: TypeError: this.contentWindow is null
JavaScript error: resource://gre/actors/PictureInPictureChild.jsm, line 225: InvalidStateError: JSWindowActorChild.document getter: Cannot access property 'document' after actor 'PictureInPictureToggle' has been destroyed
1615742420545	Marionette	INFO	Stopped listening on port 60411

###!!! [Child][RunMessage] Error: Channel closing: too late to send/recv, messages will be lost

1615742429659	geckodriver	INFO	Listening on 127.0.0.1:60529
1615742432672	mozrunner::runner	INFO	Running command: "C:\\Program Files\\Mozilla Firefox\\firefox.exe" "--marionette" "-foreground" "-no-remote" "-profile" "C:\\Users\\Pelick\\AppData\\Local\\Temp\\rust_mozprofilevcbYBa"
console.warn: SearchSettings: "get: No settings file exists, new profile?" (new Error("", "(unknown module)"))
1615742435198	Marionette	INFO	Listening on port 60540
1615742435344	Marionette	WARN	TLS certificate errors will be ignored for this session
JavaScript error: resource://gre/actors/PictureInPictureChild.jsm, line 569: TypeError: this.contentWindow is null
JavaScript error: resource://gre/actors/PictureInPictureChild.jsm, line 225: InvalidStateError: JSWindowActorChild.document getter: Cannot access property 'document' after actor 'PictureInPictureToggle' has been destroyed
1615742448325	Marionette	INFO	Stopped listening on port 60540
JavaScript error: resource://gre/actors/PictureInPictureChild.jsm, line 299: InvalidStateError: JSWindowActorChild.contentWindow getter: Cannot access property 'contentWindow' after actor 'PictureInPictureToggle' has been destroyed
JavaScript error: resource://gre/actors/PictureInPictureChild.jsm, line 299: InvalidStateError: JSWindowActorChild.contentWindow getter: Cannot access property 'contentWindow' after actor 'PictureInPictureToggle' has been destroyed
JavaScript error: resource://gre/actors/PictureInPictureChild.jsm, line 299: InvalidStateError: JSWindowActorChild.contentWindow getter: Cannot access property 'contentWindow' after actor 'PictureInPictureToggle' has been destroyed

###!!! [Child][RunMessage] Error: Channel closing: too late to send/recv, messages will be lost

1615743326822	geckodriver	INFO	Listening on 127.0.0.1:61862
1615743329825	mozrunner::runner	INFO	Running command: "C:\\Program Files\\Mozilla Firefox\\firefox.exe" "--marionette" "-foreground" "-no-remote" "-profile" "C:\\Users\\Pelick\\AppData\\Local\\Temp\\rust_mozprofile3rsoLk"
console.warn: SearchSettings: "get: No settings file exists, new profile?" (new Error("", "(unknown module)"))
1615743332760	Marionette	INFO	Listening on port 61873
1615743332988	Marionette	WARN	TLS certificate errors will be ignored for this session
JavaScript error: resource://gre/actors/PictureInPictureChild.jsm, line 569: TypeError: this.contentWindow is null
JavaScript error: resource://gre/actors/PictureInPictureChild.jsm, line 225: InvalidStateError: JSWindowActorChild.document getter: Cannot access property 'document' after actor 'PictureInPictureToggle' has been destroyed
1615743341746	Marionette	INFO	Stopped listening on port 61873
JavaScript error: resource://gre/actors/PictureInPictureChild.jsm, line 299: InvalidStateError: JSWindowActorChild.contentWindow getter: Cannot access property 'contentWindow' after actor 'PictureInPictureToggle' has been destroyed
JavaScript error: resource://gre/actors/PictureInPictureChild.jsm, line 299: InvalidStateError: JSWindowActorChild.contentWindow getter: Cannot access property 'contentWindow' after actor 'PictureInPictureToggle' has been destroyed
JavaScript error: resource://gre/actors/PictureInPictureChild.jsm, line 299: InvalidStateError: JSWindowActorChild.contentWindow getter: Cannot access property 'contentWindow' after actor 'PictureInPictureToggle' has been destroyed
JavaScript error: resource://gre/actors/PictureInPictureChild.jsm, line 299: InvalidStateError: JSWindowActorChild.contentWindow getter: Cannot access property 'contentWindow' after actor 'PictureInPictureToggle' has been destroyed

###!!! [Child][RunMessage] Error: Channel closing: too late to send/recv, messages will be lost

1615743588975	geckodriver	INFO	Listening on 127.0.0.1:62214
1615743592021	mozrunner::runner	INFO	Running command: "C:\\Program Files\\Mozilla Firefox\\firefox.exe" "--marionette" "-foreground" "-no-remote" "-profile" "C:\\Users\\Pelick\\AppData\\Local\\Temp\\rust_mozprofileX1ZSef"
console.warn: SearchSettings: "get: No settings file exists, new profile?" (new Error("", "(unknown module)"))
1615743594553	Marionette	INFO	Listening on port 62224
1615743594687	Marionette	WARN	TLS certificate errors will be ignored for this session
JavaScript error: resource://gre/actors/PictureInPictureChild.jsm, line 569: TypeError: this.contentWindow is null
JavaScript error: resource://gre/actors/PictureInPictureChild.jsm, line 225: InvalidStateError: JSWindowActorChild.document getter: Cannot access property 'document' after actor 'PictureInPictureToggle' has been destroyed
1615743604233	Marionette	INFO	Stopped listening on port 62224
JavaScript error: resource://gre/actors/PictureInPictureChild.jsm, line 299: InvalidStateError: JSWindowActorChild.contentWindow getter: Cannot access property 'contentWindow' after actor 'PictureInPictureToggle' has been destroyed
JavaScript error: resource://gre/actors/PictureInPictureChild.jsm, line 299: InvalidStateError: JSWindowActorChild.contentWindow getter: Cannot access property 'contentWindow' after actor 'PictureInPictureToggle' has been destroyed
JavaScript error: resource://gre/actors/PictureInPictureChild.jsm, line 299: InvalidStateError: JSWindowActorChild.contentWindow getter: Cannot access property 'contentWindow' after actor 'PictureInPictureToggle' has been destroyed

###!!! [Child][RunMessage] Error: Channel closing: too late to send/recv, messages will be lost

